<?xml version="1.0" encoding="UTF-8"?>
<!-- Generated by org.testng.reporters.JUnitReportReporter -->
<testsuite skipped="0" hostname="12HW010082" name="onlineOrderWithSFDC.Driver" tests="1" failures="0" timestamp="11 Aug 2017 14:33:54 GMT" time="12.933" errors="0">
  <testcase name="DataDrivingFromExcel" time="12.933" classname="onlineOrderWithSFDC.Driver"/>
</testsuite> <!-- onlineOrderWithSFDC.Driver -->
